<html>
<body>
<pre>
<h1>µVision Build Log</h1>
<h2>Project:</h2>
D:\wei\Documents\ee319k\Labs\lab10 deliverables\lab10-chris-and-wei\DonkeyKong.uvproj
Project File Date:  04/25/2017

<h2>Output:</h2>
Build target 'DonkeyKong'
compiling DonkeyKong.c...
linking...
Program Size: Code=5896 RO-data=8928 RW-data=972 ZI-data=1180  
".\DonkeyKong.axf" - 0 Error(s), 0 Warning(s).
estarts here after previous syntax error
                }
DonkeyKong.c(494): error:  #169: expected a declaration
        }
DonkeyKong.c(634): warning: At end of source:  #12-D: parsing restarts here after previous syntax error
DonkeyKong.c: 2 warnings, 2 errors
".\DonkeyKong.axf" - 2 Error(s), 2 Warning(s).
Target not created
Error: Could not load file 'D:\wei\Documents\ee319k\Labs\lab10 deliverables\lab10-chris-and-wei\DonkeyKong.axf'. Debugger aborted !
ugger aborted !
             Move(mario);
DonkeyKong.c(547): error:  #260-D: explicit type is missing ("int" assumed)
                Move(mario);
DonkeyKong.c(547): error:  #147: declaration is incompatible with "void Move(uint8_t)" (declared at line 386)
                Move(mario);
DonkeyKong.c(548): error:  #757: variable "characters" is not a type name
                ST7735_DrawBitmap(characters[bowser].newx, characters[bowser].newy, characters[bowser].pic, 31,31);
DonkeyKong.c(548): error:  #94-D: the size of an array must be greater than zero
                ST7735_DrawBitmap(characters[bowser].newx, characters[bowser].newy, characters[bowser].pic, 31,31);
DonkeyKong.c(548): error:  #18: expected a ")"
                ST7735_DrawBitmap(characters[bowser].newx, characters[bowser].newy, characters[bowser].pic, 31,31);
DonkeyKong.c(548): error:  #260-D: explicit type is missing ("int" assumed)
                ST7735_DrawBitmap(characters[bowser].newx, characters[bowser].newy, characters[bowser].pic, 31,31);
DonkeyKong.c(548): error:  #147: declaration is incompatible with "void ST7735_DrawBitmap(int16_t, int16_t, const uint16_t *, int16_t, int16_t)" (declared at line 186 of "ST7735.h")
                ST7735_DrawBitmap(characters[bowser].newx, characters[bowser].newy, characters[bowser].pic, 31,31);
DonkeyKong.c(549): error:  #757: variable "characters" is not a type name
                ST7735_DrawBitmap(characters[mario].newx, characters[mario].newy, characters[mario].pic, 15,20); 
DonkeyKong.c(549): error:  #18: expected a ")"
                ST7735_DrawBitmap(characters[mario].newx, characters[mario].newy, characters[mario].pic, 15,20); 
DonkeyKong.c(549): error:  #260-D: explicit type is missing ("int" assumed)
                ST7735_DrawBitmap(characters[mario].newx, characters[mario].newy, characters[mario].pic, 15,20); 
DonkeyKong.c(550): error:  #169: expected a declaration
    }
DonkeyKong.c(608): warning: At end of source:  #12-D: parsing restarts here after previous syntax error
DonkeyKong.c: 2 warnings, 15 errors
".\DonkeyKong.axf" - 15 Error(s), 2 Warning(s).
Target not created
Error: Could not load file 'D:\wei\Documents\ee319k\Labs\lab10 deliverables\lab10-chris-and-wei\DonkeyKong.axf'. Debugger aborted !
