<html>
<body>
<pre>
<h1>µVision Build Log</h1>
<h2>Project:</h2>
D:\wei\Documents\ee319k\Labs\lab10 deliverables\lab10-chris-and-wei\SpaceInvaders.uvproj
Project File Date:  04/24/2017

<h2>Output:</h2>
Build target 'SpaceInvaders'
compiling SpaceInvaders.c...
linking...
Program Size: Code=5404 RO-data=8748 RW-data=160 ZI-data=1176  
".\SpaceInvaders.axf" - 0 Error(s), 0 Warning(s).
</pre>
</body>
</html>
    ST7735_DrawBitmap(characters[mario].newx, characters[mario].newy, characters[mario].pic, 14,20); 
SpaceInvaders.c(416): error:  #757: variable "characters" is not a type name
        ST7735_DrawBitmap(characters[bowser].newx, characters[bowser].newy, characters[bowser].pic, 31,31);
SpaceInvaders.c(416): error:  #94-D: the size of an array must be greater than zero
        ST7735_DrawBitmap(characters[bowser].newx, characters[bowser].newy, characters[bowser].pic, 31,31);
SpaceInvaders.c(416): error:  #18: expected a ")"
        ST7735_DrawBitmap(characters[bowser].newx, characters[bowser].newy, characters[bowser].pic, 31,31);
SpaceInvaders.c(416): error:  #260-D: explicit type is missing ("int" assumed)
        ST7735_DrawBitmap(characters[bowser].newx, characters[bowser].newy, characters[bowser].pic, 31,31);
SpaceInvaders.c(416): error:  #147: declaration is incompatible with "void ST7735_DrawBitmap(int16_t, int16_t, const uint16_t *, int16_t, int16_t)" (declared at line 186 of "ST7735.h")
        ST7735_DrawBitmap(characters[bowser].newx, characters[bowser].newy, characters[bowser].pic, 31,31);
SpaceInvaders.c(418): error:  #169: expected a declaration
        for(uint32_t i=0,y=132;i<2;i++,y-=3){
SpaceInvaders.c(468): warning: At end of source:  #12-D: parsing restarts here after previous syntax error
SpaceInvaders.c: 2 warnings, 7 errors
".\SpaceInvaders.axf" - 7 Error(s), 2 Warning(s).
Target not created
Error: Could not load file 'D:\wei\Documents\ee319k\Labs\lab10 deliverables\lab10-chris-and-wei\SpaceInvaders.axf'. Debugger aborted !
